<?xml version="1.0" encoding="UTF-8"?>
<!-- Generated by org.testng.reporters.JUnitReportReporter -->
<testsuite hostname="DESKTOP-81SOS98" failures="0" tests="1" name="testCases.TC_002_LoginTest" time="2.695" errors="0" timestamp="2023-05-23T12:03:20 IST" skipped="0">
  <testcase classname="testCases.TC_002_LoginTest" name="testLogin" time="2.695"/>
  <system-out/>
</testsuite> <!-- testCases.TC_002_LoginTest -->
